This is pdfTeX, Version 3.1415926-2.3-1.40.12 (MiKTeX 2.9) (preloaded format=pdflatex 2018.12.26)  30 DEC 2018 06:20
entering extended mode
**C:/Users/nus/Desktop/4-缁浜ょ/4-缁浜ょ/Chapters/chap5.tex
(C:/Users/nus/Desktop/4-缁浜ょ/4-缁浜ょ/Chapters/chap5.tex
LaTeX2e <2011/06/27>
Babel <v3.8m> and hyphenation patterns for loaded.
! Undefined control sequence.
l.1 \chapter
            {\quad\quad 监督的流形嵌入离散跨模态哈希学习}
? 
! Emergency stop.
l.1 \chapter
            {\quad\quad 监督的流形嵌入离散跨模态哈希学习}
End of file on the terminal!

 
Here is how much of TeX's memory you used:
 7 strings out of 495354
 275 string characters out of 3183858
 44842 words of memory out of 3000000
 3276 multiletter control sequences out of 15000+200000
 3640 words of font info for 14 fonts, out of 3000000 for 9000
 14 hyphenation exceptions out of 8191
 5i,0n,1p,132b,8s stack positions out of 5000i,500n,10000p,200000b,50000s
!  ==> Fatal error occurred, no output PDF file produced!
